<?xml version="1.0" encoding="UTF-8"?>
<testsuite xmlns:xsi="http://www.w3.org/2001/XMLSchema-instance" xsi:noNamespaceSchemaLocation="https://maven.apache.org/surefire/maven-surefire-plugin/xsd/surefire-test-report.xsd" name="com.parkit.parkingsystem.ParkingSpotDAOTest" time="3.715" tests="5" errors="0" skipped="0" failures="0">
  <properties>
[...]
</properties>
  <testcase name="testGetNoNextAvailableSlot" classname="com.parkit.parkingsystem.ParkingSpotDAOTest" time="0.062"/>
  <testcase name="testGetNextAvailableSlot" classname="com.parkit.parkingsystem.ParkingSpotDAOTest" time="0.063"/>
  <testcase name="testUpdateParking" classname="com.parkit.parkingsystem.ParkingSpotDAOTest" time="0.031"/>
  <testcase name="testGetNextAvailableSlotException" classname="com.parkit.parkingsystem.ParkingSpotDAOTest" time="1.01"/>
  <testcase name="testUpdateParkingException" classname="com.parkit.parkingsystem.ParkingSpotDAOTest" time="2.533"/>
</testsuite>